Determining if the pthread_create exist failed with the following output:
Change Dir: /home/werl/College/Netview/glfw-3.2.1/CMakeFiles/CMakeTmp

Run Build Command:"/usr/bin/make" "cmTryCompileExec4236230336/fast"
/usr/bin/make -f CMakeFiles/cmTryCompileExec4236230336.dir/build.make CMakeFiles/cmTryCompileExec4236230336.dir/build
make[1]: Entering directory '/home/werl/College/Netview/glfw-3.2.1/CMakeFiles/CMakeTmp'
/usr/bin/cmake -E cmake_progress_report /home/werl/College/Netview/glfw-3.2.1/CMakeFiles/CMakeTmp/CMakeFiles 1
Building C object CMakeFiles/cmTryCompileExec4236230336.dir/CheckSymbolExists.c.o
/usr/bin/cc    -o CMakeFiles/cmTryCompileExec4236230336.dir/CheckSymbolExists.c.o   -c /home/werl/College/Netview/glfw-3.2.1/CMakeFiles/CMakeTmp/CheckSymbolExists.c
Linking C executable cmTryCompileExec4236230336
/usr/bin/cmake -E cmake_link_script CMakeFiles/cmTryCompileExec4236230336.dir/link.txt --verbose=1
/usr/bin/cc       CMakeFiles/cmTryCompileExec4236230336.dir/CheckSymbolExists.c.o  -o cmTryCompileExec4236230336 -rdynamic 
CMakeFiles/cmTryCompileExec4236230336.dir/CheckSymbolExists.c.o: In function `main':
CheckSymbolExists.c:(.text+0x16): undefined reference to `pthread_create'
collect2: error: ld returned 1 exit status
CMakeFiles/cmTryCompileExec4236230336.dir/build.make:88: recipe for target 'cmTryCompileExec4236230336' failed
make[1]: Leaving directory '/home/werl/College/Netview/glfw-3.2.1/CMakeFiles/CMakeTmp'
make[1]: *** [cmTryCompileExec4236230336] Error 1
Makefile:118: recipe for target 'cmTryCompileExec4236230336/fast' failed
make: *** [cmTryCompileExec4236230336/fast] Error 2

File /home/werl/College/Netview/glfw-3.2.1/CMakeFiles/CMakeTmp/CheckSymbolExists.c:
/* */
#include <pthread.h>

int main(int argc, char** argv)
{
  (void)argv;
#ifndef pthread_create
  return ((int*)(&pthread_create))[argc];
#else
  (void)argc;
  return 0;
#endif
}

Determining if the function pthread_create exists in the pthreads failed with the following output:
Change Dir: /home/werl/College/Netview/glfw-3.2.1/CMakeFiles/CMakeTmp

Run Build Command:"/usr/bin/make" "cmTryCompileExec4038054423/fast"
/usr/bin/make -f CMakeFiles/cmTryCompileExec4038054423.dir/build.make CMakeFiles/cmTryCompileExec4038054423.dir/build
make[1]: Entering directory '/home/werl/College/Netview/glfw-3.2.1/CMakeFiles/CMakeTmp'
/usr/bin/cmake -E cmake_progress_report /home/werl/College/Netview/glfw-3.2.1/CMakeFiles/CMakeTmp/CMakeFiles 1
Building C object CMakeFiles/cmTryCompileExec4038054423.dir/CheckFunctionExists.c.o
/usr/bin/cc   -DCHECK_FUNCTION_EXISTS=pthread_create   -o CMakeFiles/cmTryCompileExec4038054423.dir/CheckFunctionExists.c.o   -c /usr/share/cmake-3.0/Modules/CheckFunctionExists.c
Linking C executable cmTryCompileExec4038054423
/usr/bin/cmake -E cmake_link_script CMakeFiles/cmTryCompileExec4038054423.dir/link.txt --verbose=1
/usr/bin/cc   -DCHECK_FUNCTION_EXISTS=pthread_create    CMakeFiles/cmTryCompileExec4038054423.dir/CheckFunctionExists.c.o  -o cmTryCompileExec4038054423 -rdynamic -lpthreads 
/usr/bin/ld: cannot find -lpthreads
collect2: error: ld returned 1 exit status
CMakeFiles/cmTryCompileExec4038054423.dir/build.make:88: recipe for target 'cmTryCompileExec4038054423' failed
make[1]: Leaving directory '/home/werl/College/Netview/glfw-3.2.1/CMakeFiles/CMakeTmp'
make[1]: *** [cmTryCompileExec4038054423] Error 1
Makefile:118: recipe for target 'cmTryCompileExec4038054423/fast' failed
make: *** [cmTryCompileExec4038054423/fast] Error 2


